<?xml version="1.0" encoding="UTF-8"?>
<!-- Generated by org.testng.reporters.JUnitReportReporter -->
<testsuite hostname="Lathavya-pc" name="script.FTMS_Web_Monitoring" tests="1" failures="0" timestamp="30 Nov 2018 06:39:23 GMT" time="71.144" errors="0">
  <testcase name="MoniteringfromWebside" time="71.144" classname="script.FTMS_Web_Monitoring"/>
</testsuite> <!-- script.FTMS_Web_Monitoring -->
